2016-12-12 14:59:54.469 [main] DEBUG c.q.e.tests.JudgmentTest - 结果1：false
2016-12-12 14:59:54.473 [main] DEBUG c.q.e.tests.JudgmentTest - 结果2：false
2016-12-12 14:59:54.473 [main] DEBUG c.q.e.tests.JudgmentTest - 结果3：true
2016-12-12 15:12:51.440 [main] DEBUG c.q.e.tests.JudgmentTest - 结果1：true
2016-12-12 15:12:51.445 [main] DEBUG c.q.e.tests.JudgmentTest - 结果2：true
2016-12-12 15:12:51.445 [main] DEBUG c.q.e.tests.JudgmentTest - 结果3：false
2016-12-12 15:14:25.193 [main] DEBUG c.q.e.tests.JudgmentTest - 结果1：false
2016-12-12 15:14:25.197 [main] DEBUG c.q.e.tests.JudgmentTest - 结果2：false
2016-12-12 15:14:25.197 [main] DEBUG c.q.e.tests.JudgmentTest - 结果3：true
2016-12-12 15:17:05.649 [main] DEBUG c.q.e.tests.JudgmentTest - 结果1：true
2016-12-12 15:17:05.653 [main] DEBUG c.q.e.tests.JudgmentTest - 结果2：false
2016-12-12 15:17:05.654 [main] DEBUG c.q.e.tests.JudgmentTest - 结果3：true
2016-12-12 15:39:55.955 [main] DEBUG c.q.e.tests.JudgmentTest - 结果1：false
2016-12-12 15:39:55.960 [main] DEBUG c.q.e.tests.JudgmentTest - 结果2：false
2016-12-12 15:39:55.960 [main] DEBUG c.q.e.tests.JudgmentTest - 结果3：true
2016-12-12 15:39:55.961 [main] DEBUG c.q.e.tests.JudgmentTest - 结果4：true
2016-12-12 15:39:55.961 [main] DEBUG c.q.e.tests.JudgmentTest - 结果5：false
2016-12-12 15:39:55.962 [main] DEBUG c.q.e.tests.JudgmentTest - 结果6：true
2016-12-12 16:02:11.235 [main] INFO  c.q.effectivelines.EffectiveLines - 程序开始运行
2016-12-12 16:02:11.239 [main] DEBUG c.q.effectivelines.strategy.Judge - 开始初始化判定策略
2016-12-12 16:02:11.240 [main] DEBUG c.q.effectivelines.EffectiveLines - 开始加载文件：{}java/com/qunar/effectivelines/EffectiveLines.java
2016-12-12 16:02:11.281 [main] ERROR c.q.effectivelines.EffectiveLines - 文件读取时遇到异常：java\com\qunar\effectivelines\EffectiveLines.java (系统找不到指定的路径。)
java.io.FileNotFoundException: java\com\qunar\effectivelines\EffectiveLines.java (系统找不到指定的路径。)
	at java.io.FileInputStream.open(Native Method)
	at java.io.FileInputStream.<init>(FileInputStream.java:146)
	at com.google.common.io.Files$FileByteSource.openStream(Files.java:120)
	at com.google.common.io.Files$FileByteSource.openStream(Files.java:110)
	at com.google.common.io.ByteSource$AsCharSource.openStream(ByteSource.java:456)
	at com.google.common.io.CharSource.readLines(CharSource.java:311)
	at com.google.common.io.Files.readLines(Files.java:553)
	at com.google.common.io.Files.readLines(Files.java:520)
	at com.qunar.effectivelines.EffectiveLines.loadFile(EffectiveLines.java:51)
	at com.qunar.effectivelines.EffectiveLines.<init>(EffectiveLines.java:40)
	at com.qunar.effectivelines.EffectiveLines.main(EffectiveLines.java:75)
	at sun.reflect.NativeMethodAccessorImpl.invoke0(Native Method)
	at sun.reflect.NativeMethodAccessorImpl.invoke(NativeMethodAccessorImpl.java:57)
	at sun.reflect.DelegatingMethodAccessorImpl.invoke(DelegatingMethodAccessorImpl.java:43)
	at java.lang.reflect.Method.invoke(Method.java:606)
	at com.intellij.rt.execution.application.AppMain.main(AppMain.java:120)
2016-12-12 16:02:11.284 [main] ERROR c.q.effectivelines.EffectiveLines - 程序运行时出现异常：java.io.FileNotFoundException: java\com\qunar\effectivelines\EffectiveLines.java (系统找不到指定的路径。)
java.lang.RuntimeException: java.io.FileNotFoundException: java\com\qunar\effectivelines\EffectiveLines.java (系统找不到指定的路径。)
	at com.qunar.effectivelines.EffectiveLines.loadFile(EffectiveLines.java:54)
	at com.qunar.effectivelines.EffectiveLines.<init>(EffectiveLines.java:40)
	at com.qunar.effectivelines.EffectiveLines.main(EffectiveLines.java:75)
	at sun.reflect.NativeMethodAccessorImpl.invoke0(Native Method)
	at sun.reflect.NativeMethodAccessorImpl.invoke(NativeMethodAccessorImpl.java:57)
	at sun.reflect.DelegatingMethodAccessorImpl.invoke(DelegatingMethodAccessorImpl.java:43)
	at java.lang.reflect.Method.invoke(Method.java:606)
	at com.intellij.rt.execution.application.AppMain.main(AppMain.java:120)
Caused by: java.io.FileNotFoundException: java\com\qunar\effectivelines\EffectiveLines.java (系统找不到指定的路径。)
	at java.io.FileInputStream.open(Native Method)
	at java.io.FileInputStream.<init>(FileInputStream.java:146)
	at com.google.common.io.Files$FileByteSource.openStream(Files.java:120)
	at com.google.common.io.Files$FileByteSource.openStream(Files.java:110)
	at com.google.common.io.ByteSource$AsCharSource.openStream(ByteSource.java:456)
	at com.google.common.io.CharSource.readLines(CharSource.java:311)
	at com.google.common.io.Files.readLines(Files.java:553)
	at com.google.common.io.Files.readLines(Files.java:520)
	at com.qunar.effectivelines.EffectiveLines.loadFile(EffectiveLines.java:51)
	... 7 common frames omitted
2016-12-12 16:02:51.778 [main] INFO  c.q.effectivelines.EffectiveLines - 程序开始运行
2016-12-12 16:02:51.782 [main] DEBUG c.q.effectivelines.strategy.Judge - 开始初始化判定策略
2016-12-12 16:02:51.783 [main] DEBUG c.q.effectivelines.EffectiveLines - 开始加载文件：{}main/java/com/qunar/effectivelines/EffectiveLines.java
2016-12-12 16:02:51.817 [main] ERROR c.q.effectivelines.EffectiveLines - 文件读取时遇到异常：main\java\com\qunar\effectivelines\EffectiveLines.java (系统找不到指定的路径。)
java.io.FileNotFoundException: main\java\com\qunar\effectivelines\EffectiveLines.java (系统找不到指定的路径。)
	at java.io.FileInputStream.open(Native Method)
	at java.io.FileInputStream.<init>(FileInputStream.java:146)
	at com.google.common.io.Files$FileByteSource.openStream(Files.java:120)
	at com.google.common.io.Files$FileByteSource.openStream(Files.java:110)
	at com.google.common.io.ByteSource$AsCharSource.openStream(ByteSource.java:456)
	at com.google.common.io.CharSource.readLines(CharSource.java:311)
	at com.google.common.io.Files.readLines(Files.java:553)
	at com.google.common.io.Files.readLines(Files.java:520)
	at com.qunar.effectivelines.EffectiveLines.loadFile(EffectiveLines.java:51)
	at com.qunar.effectivelines.EffectiveLines.<init>(EffectiveLines.java:40)
	at com.qunar.effectivelines.EffectiveLines.main(EffectiveLines.java:75)
	at sun.reflect.NativeMethodAccessorImpl.invoke0(Native Method)
	at sun.reflect.NativeMethodAccessorImpl.invoke(NativeMethodAccessorImpl.java:57)
	at sun.reflect.DelegatingMethodAccessorImpl.invoke(DelegatingMethodAccessorImpl.java:43)
	at java.lang.reflect.Method.invoke(Method.java:606)
	at com.intellij.rt.execution.application.AppMain.main(AppMain.java:120)
2016-12-12 16:02:51.821 [main] ERROR c.q.effectivelines.EffectiveLines - 程序运行时出现异常：java.io.FileNotFoundException: main\java\com\qunar\effectivelines\EffectiveLines.java (系统找不到指定的路径。)
java.lang.RuntimeException: java.io.FileNotFoundException: main\java\com\qunar\effectivelines\EffectiveLines.java (系统找不到指定的路径。)
	at com.qunar.effectivelines.EffectiveLines.loadFile(EffectiveLines.java:54)
	at com.qunar.effectivelines.EffectiveLines.<init>(EffectiveLines.java:40)
	at com.qunar.effectivelines.EffectiveLines.main(EffectiveLines.java:75)
	at sun.reflect.NativeMethodAccessorImpl.invoke0(Native Method)
	at sun.reflect.NativeMethodAccessorImpl.invoke(NativeMethodAccessorImpl.java:57)
	at sun.reflect.DelegatingMethodAccessorImpl.invoke(DelegatingMethodAccessorImpl.java:43)
	at java.lang.reflect.Method.invoke(Method.java:606)
	at com.intellij.rt.execution.application.AppMain.main(AppMain.java:120)
Caused by: java.io.FileNotFoundException: main\java\com\qunar\effectivelines\EffectiveLines.java (系统找不到指定的路径。)
	at java.io.FileInputStream.open(Native Method)
	at java.io.FileInputStream.<init>(FileInputStream.java:146)
	at com.google.common.io.Files$FileByteSource.openStream(Files.java:120)
	at com.google.common.io.Files$FileByteSource.openStream(Files.java:110)
	at com.google.common.io.ByteSource$AsCharSource.openStream(ByteSource.java:456)
	at com.google.common.io.CharSource.readLines(CharSource.java:311)
	at com.google.common.io.Files.readLines(Files.java:553)
	at com.google.common.io.Files.readLines(Files.java:520)
	at com.qunar.effectivelines.EffectiveLines.loadFile(EffectiveLines.java:51)
	... 7 common frames omitted
2016-12-12 16:03:16.989 [main] INFO  c.q.effectivelines.EffectiveLines - 程序开始运行
2016-12-12 16:03:16.992 [main] DEBUG c.q.effectivelines.strategy.Judge - 开始初始化判定策略
2016-12-12 16:03:16.993 [main] DEBUG c.q.effectivelines.EffectiveLines - 开始加载文件：{}src/main/java/com/qunar/effectivelines/EffectiveLines.java
2016-12-12 16:03:17.028 [main] DEBUG c.q.effectivelines.strategy.Judge - 判定行：{}package com.qunar.effectivelines;
2016-12-12 16:03:17.029 [main] DEBUG c.q.effectivelines.strategy.Judge - 结果：有效行
2016-12-12 16:03:17.029 [main] DEBUG c.q.effectivelines.strategy.Judge - 判定行：{}
2016-12-12 16:03:17.029 [main] DEBUG c.q.effectivelines.strategy.Judge - 结果：无效行
2016-12-12 16:03:17.029 [main] DEBUG c.q.effectivelines.strategy.Judge - 判定行：{}import java.io.File;
2016-12-12 16:03:17.030 [main] DEBUG c.q.effectivelines.strategy.Judge - 结果：有效行
2016-12-12 16:03:17.030 [main] DEBUG c.q.effectivelines.strategy.Judge - 判定行：{}import java.io.IOException;
2016-12-12 16:03:17.030 [main] DEBUG c.q.effectivelines.strategy.Judge - 结果：有效行
2016-12-12 16:03:17.030 [main] DEBUG c.q.effectivelines.strategy.Judge - 判定行：{}import java.util.List;
2016-12-12 16:03:17.030 [main] DEBUG c.q.effectivelines.strategy.Judge - 结果：有效行
2016-12-12 16:03:17.030 [main] DEBUG c.q.effectivelines.strategy.Judge - 判定行：{}
2016-12-12 16:03:17.030 [main] DEBUG c.q.effectivelines.strategy.Judge - 结果：无效行
2016-12-12 16:03:17.031 [main] DEBUG c.q.effectivelines.strategy.Judge - 判定行：{}import org.slf4j.Logger;
2016-12-12 16:03:17.031 [main] DEBUG c.q.effectivelines.strategy.Judge - 结果：有效行
2016-12-12 16:03:17.031 [main] DEBUG c.q.effectivelines.strategy.Judge - 判定行：{}import org.slf4j.LoggerFactory;
2016-12-12 16:03:17.031 [main] DEBUG c.q.effectivelines.strategy.Judge - 结果：有效行
2016-12-12 16:03:17.031 [main] DEBUG c.q.effectivelines.strategy.Judge - 判定行：{}
2016-12-12 16:03:17.031 [main] DEBUG c.q.effectivelines.strategy.Judge - 结果：无效行
2016-12-12 16:03:17.031 [main] DEBUG c.q.effectivelines.strategy.Judge - 判定行：{}import com.google.common.base.Charsets;
2016-12-12 16:03:17.032 [main] DEBUG c.q.effectivelines.strategy.Judge - 结果：有效行
2016-12-12 16:03:17.032 [main] DEBUG c.q.effectivelines.strategy.Judge - 判定行：{}import com.google.common.io.Files;
2016-12-12 16:03:17.032 [main] DEBUG c.q.effectivelines.strategy.Judge - 结果：有效行
2016-12-12 16:03:17.032 [main] DEBUG c.q.effectivelines.strategy.Judge - 判定行：{}import com.qunar.effectivelines.strategy.Judge;
2016-12-12 16:03:17.032 [main] DEBUG c.q.effectivelines.strategy.Judge - 结果：有效行
2016-12-12 16:03:17.032 [main] DEBUG c.q.effectivelines.strategy.Judge - 判定行：{}
2016-12-12 16:03:17.032 [main] DEBUG c.q.effectivelines.strategy.Judge - 结果：无效行
2016-12-12 16:03:17.032 [main] DEBUG c.q.effectivelines.strategy.Judge - 判定行：{}/**
2016-12-12 16:03:17.033 [main] DEBUG c.q.effectivelines.strategy.Judge - 结果：无效行
2016-12-12 16:03:17.033 [main] DEBUG c.q.effectivelines.strategy.Judge - 判定行：{} * @author ryan.hao
2016-12-12 16:03:17.033 [main] DEBUG c.q.effectivelines.strategy.Judge - 结果：有效行
2016-12-12 16:03:17.033 [main] DEBUG c.q.effectivelines.strategy.Judge - 判定行：{} * @version 1.0
2016-12-12 16:03:17.033 [main] DEBUG c.q.effectivelines.strategy.Judge - 结果：有效行
2016-12-12 16:03:17.033 [main] DEBUG c.q.effectivelines.strategy.Judge - 判定行：{} * 程序主要流程类
2016-12-12 16:03:17.036 [main] DEBUG c.q.effectivelines.strategy.Judge - 结果：有效行
2016-12-12 16:03:17.037 [main] DEBUG c.q.effectivelines.strategy.Judge - 判定行：{} */
2016-12-12 16:03:17.037 [main] DEBUG c.q.effectivelines.strategy.Judge - 结果：无效行
2016-12-12 16:03:17.037 [main] DEBUG c.q.effectivelines.strategy.Judge - 判定行：{}public class EffectiveLines {
2016-12-12 16:03:17.037 [main] DEBUG c.q.effectivelines.strategy.Judge - 结果：有效行
2016-12-12 16:03:17.037 [main] DEBUG c.q.effectivelines.strategy.Judge - 判定行：{}
2016-12-12 16:03:17.037 [main] DEBUG c.q.effectivelines.strategy.Judge - 结果：无效行
2016-12-12 16:03:17.037 [main] DEBUG c.q.effectivelines.strategy.Judge - 判定行：{}    /**
2016-12-12 16:03:17.038 [main] DEBUG c.q.effectivelines.strategy.Judge - 结果：无效行
2016-12-12 16:03:17.038 [main] DEBUG c.q.effectivelines.strategy.Judge - 判定行：{}     * 日志
2016-12-12 16:03:17.038 [main] DEBUG c.q.effectivelines.strategy.Judge - 结果：有效行
2016-12-12 16:03:17.038 [main] DEBUG c.q.effectivelines.strategy.Judge - 判定行：{}     */
2016-12-12 16:03:17.038 [main] DEBUG c.q.effectivelines.strategy.Judge - 结果：无效行
2016-12-12 16:03:17.038 [main] DEBUG c.q.effectivelines.strategy.Judge - 判定行：{}    private Logger logger = null;
2016-12-12 16:03:17.038 [main] DEBUG c.q.effectivelines.strategy.Judge - 结果：有效行
2016-12-12 16:03:17.038 [main] DEBUG c.q.effectivelines.strategy.Judge - 判定行：{}
2016-12-12 16:03:17.039 [main] DEBUG c.q.effectivelines.strategy.Judge - 结果：无效行
2016-12-12 16:03:17.039 [main] DEBUG c.q.effectivelines.strategy.Judge - 判定行：{}    /**
2016-12-12 16:03:17.039 [main] DEBUG c.q.effectivelines.strategy.Judge - 结果：无效行
2016-12-12 16:03:17.039 [main] DEBUG c.q.effectivelines.strategy.Judge - 判定行：{}     * 代码文件的内容
2016-12-12 16:03:17.039 [main] DEBUG c.q.effectivelines.strategy.Judge - 结果：有效行
2016-12-12 16:03:17.039 [main] DEBUG c.q.effectivelines.strategy.Judge - 判定行：{}     */
2016-12-12 16:03:17.039 [main] DEBUG c.q.effectivelines.strategy.Judge - 结果：无效行
2016-12-12 16:03:17.039 [main] DEBUG c.q.effectivelines.strategy.Judge - 判定行：{}    private List<String> content = null;
2016-12-12 16:03:17.039 [main] DEBUG c.q.effectivelines.strategy.Judge - 结果：有效行
2016-12-12 16:03:17.039 [main] DEBUG c.q.effectivelines.strategy.Judge - 判定行：{}
2016-12-12 16:03:17.039 [main] DEBUG c.q.effectivelines.strategy.Judge - 结果：无效行
2016-12-12 16:03:17.039 [main] DEBUG c.q.effectivelines.strategy.Judge - 判定行：{}    /**
2016-12-12 16:03:17.040 [main] DEBUG c.q.effectivelines.strategy.Judge - 结果：无效行
2016-12-12 16:03:17.040 [main] DEBUG c.q.effectivelines.strategy.Judge - 判定行：{}     * 判定业务
2016-12-12 16:03:17.040 [main] DEBUG c.q.effectivelines.strategy.Judge - 结果：有效行
2016-12-12 16:03:17.040 [main] DEBUG c.q.effectivelines.strategy.Judge - 判定行：{}     */
2016-12-12 16:03:17.040 [main] DEBUG c.q.effectivelines.strategy.Judge - 结果：无效行
2016-12-12 16:03:17.040 [main] DEBUG c.q.effectivelines.strategy.Judge - 判定行：{}    private Judge judge = null;
2016-12-12 16:03:17.040 [main] DEBUG c.q.effectivelines.strategy.Judge - 结果：有效行
2016-12-12 16:03:17.040 [main] DEBUG c.q.effectivelines.strategy.Judge - 判定行：{}
2016-12-12 16:03:17.041 [main] DEBUG c.q.effectivelines.strategy.Judge - 结果：无效行
2016-12-12 16:03:17.041 [main] DEBUG c.q.effectivelines.strategy.Judge - 判定行：{}
2016-12-12 16:03:17.041 [main] DEBUG c.q.effectivelines.strategy.Judge - 结果：无效行
2016-12-12 16:03:17.041 [main] DEBUG c.q.effectivelines.strategy.Judge - 判定行：{}    public EffectiveLines(String url) {
2016-12-12 16:03:17.041 [main] DEBUG c.q.effectivelines.strategy.Judge - 结果：有效行
2016-12-12 16:03:17.041 [main] DEBUG c.q.effectivelines.strategy.Judge - 判定行：{}        logger = LoggerFactory.getLogger(EffectiveLines.class);
2016-12-12 16:03:17.041 [main] DEBUG c.q.effectivelines.strategy.Judge - 结果：有效行
2016-12-12 16:03:17.042 [main] DEBUG c.q.effectivelines.strategy.Judge - 判定行：{}        judge = new Judge();
2016-12-12 16:03:17.042 [main] DEBUG c.q.effectivelines.strategy.Judge - 结果：有效行
2016-12-12 16:03:17.042 [main] DEBUG c.q.effectivelines.strategy.Judge - 判定行：{}        loadFile(url);
2016-12-12 16:03:17.042 [main] DEBUG c.q.effectivelines.strategy.Judge - 结果：有效行
2016-12-12 16:03:17.042 [main] DEBUG c.q.effectivelines.strategy.Judge - 判定行：{}    }
2016-12-12 16:03:17.042 [main] DEBUG c.q.effectivelines.strategy.Judge - 结果：无效行
2016-12-12 16:03:17.042 [main] DEBUG c.q.effectivelines.strategy.Judge - 判定行：{}
2016-12-12 16:03:17.043 [main] DEBUG c.q.effectivelines.strategy.Judge - 结果：无效行
2016-12-12 16:03:17.043 [main] DEBUG c.q.effectivelines.strategy.Judge - 判定行：{}    /**
2016-12-12 16:03:17.043 [main] DEBUG c.q.effectivelines.strategy.Judge - 结果：无效行
2016-12-12 16:03:17.043 [main] DEBUG c.q.effectivelines.strategy.Judge - 判定行：{}     * 加载文件
2016-12-12 16:03:17.043 [main] DEBUG c.q.effectivelines.strategy.Judge - 结果：有效行
2016-12-12 16:03:17.043 [main] DEBUG c.q.effectivelines.strategy.Judge - 判定行：{}     * @param url 文件路径
2016-12-12 16:03:17.043 [main] DEBUG c.q.effectivelines.strategy.Judge - 结果：有效行
2016-12-12 16:03:17.043 [main] DEBUG c.q.effectivelines.strategy.Judge - 判定行：{}     */
2016-12-12 16:03:17.044 [main] DEBUG c.q.effectivelines.strategy.Judge - 结果：无效行
2016-12-12 16:03:17.045 [main] DEBUG c.q.effectivelines.strategy.Judge - 判定行：{}    private void loadFile(String url) {
2016-12-12 16:03:17.045 [main] DEBUG c.q.effectivelines.strategy.Judge - 结果：有效行
2016-12-12 16:03:17.045 [main] DEBUG c.q.effectivelines.strategy.Judge - 判定行：{}        logger.debug("开始加载文件：{}" + url);
2016-12-12 16:03:17.045 [main] DEBUG c.q.effectivelines.strategy.Judge - 结果：有效行
2016-12-12 16:03:17.045 [main] DEBUG c.q.effectivelines.strategy.Judge - 判定行：{}        File file = new File(url);
2016-12-12 16:03:17.045 [main] DEBUG c.q.effectivelines.strategy.Judge - 结果：有效行
2016-12-12 16:03:17.045 [main] DEBUG c.q.effectivelines.strategy.Judge - 判定行：{}        try {
2016-12-12 16:03:17.046 [main] DEBUG c.q.effectivelines.strategy.Judge - 结果：有效行
2016-12-12 16:03:17.046 [main] DEBUG c.q.effectivelines.strategy.Judge - 判定行：{}            content = Files.readLines(file, Charsets.UTF_8);
2016-12-12 16:03:17.046 [main] DEBUG c.q.effectivelines.strategy.Judge - 结果：有效行
2016-12-12 16:03:17.046 [main] DEBUG c.q.effectivelines.strategy.Judge - 判定行：{}        } catch (IOException e) {
2016-12-12 16:03:17.046 [main] DEBUG c.q.effectivelines.strategy.Judge - 结果：有效行
2016-12-12 16:03:17.048 [main] DEBUG c.q.effectivelines.strategy.Judge - 判定行：{}            logger.error("文件读取时遇到异常：{}", e.getMessage(), e);
2016-12-12 16:03:17.048 [main] DEBUG c.q.effectivelines.strategy.Judge - 结果：有效行
2016-12-12 16:03:17.048 [main] DEBUG c.q.effectivelines.strategy.Judge - 判定行：{}            throw new RuntimeException(e);
2016-12-12 16:03:17.048 [main] DEBUG c.q.effectivelines.strategy.Judge - 结果：有效行
2016-12-12 16:03:17.048 [main] DEBUG c.q.effectivelines.strategy.Judge - 判定行：{}        }
2016-12-12 16:03:17.049 [main] DEBUG c.q.effectivelines.strategy.Judge - 结果：无效行
2016-12-12 16:03:17.049 [main] DEBUG c.q.effectivelines.strategy.Judge - 判定行：{}    }
2016-12-12 16:03:17.049 [main] DEBUG c.q.effectivelines.strategy.Judge - 结果：无效行
2016-12-12 16:03:17.049 [main] DEBUG c.q.effectivelines.strategy.Judge - 判定行：{}
2016-12-12 16:03:17.049 [main] DEBUG c.q.effectivelines.strategy.Judge - 结果：无效行
2016-12-12 16:03:17.049 [main] DEBUG c.q.effectivelines.strategy.Judge - 判定行：{}    /**
2016-12-12 16:03:17.049 [main] DEBUG c.q.effectivelines.strategy.Judge - 结果：无效行
2016-12-12 16:03:17.050 [main] DEBUG c.q.effectivelines.strategy.Judge - 判定行：{}     * 清点有效行
2016-12-12 16:03:17.050 [main] DEBUG c.q.effectivelines.strategy.Judge - 结果：有效行
2016-12-12 16:03:17.050 [main] DEBUG c.q.effectivelines.strategy.Judge - 判定行：{}     * @return
2016-12-12 16:03:17.050 [main] DEBUG c.q.effectivelines.strategy.Judge - 结果：有效行
2016-12-12 16:03:17.050 [main] DEBUG c.q.effectivelines.strategy.Judge - 判定行：{}     */
2016-12-12 16:03:17.050 [main] DEBUG c.q.effectivelines.strategy.Judge - 结果：无效行
2016-12-12 16:03:17.050 [main] DEBUG c.q.effectivelines.strategy.Judge - 判定行：{}    public int countEffectiveLines() {
2016-12-12 16:03:17.051 [main] DEBUG c.q.effectivelines.strategy.Judge - 结果：有效行
2016-12-12 16:03:17.051 [main] DEBUG c.q.effectivelines.strategy.Judge - 判定行：{}        int count = 0;
2016-12-12 16:03:17.051 [main] DEBUG c.q.effectivelines.strategy.Judge - 结果：有效行
2016-12-12 16:03:17.051 [main] DEBUG c.q.effectivelines.strategy.Judge - 判定行：{}        for (String line : content) {
2016-12-12 16:03:17.051 [main] DEBUG c.q.effectivelines.strategy.Judge - 结果：有效行
2016-12-12 16:03:17.051 [main] DEBUG c.q.effectivelines.strategy.Judge - 判定行：{}            if (judge.judge(line))
2016-12-12 16:03:17.051 [main] DEBUG c.q.effectivelines.strategy.Judge - 结果：有效行
2016-12-12 16:03:17.052 [main] DEBUG c.q.effectivelines.strategy.Judge - 判定行：{}                count++;
2016-12-12 16:03:17.052 [main] DEBUG c.q.effectivelines.strategy.Judge - 结果：有效行
2016-12-12 16:03:17.052 [main] DEBUG c.q.effectivelines.strategy.Judge - 判定行：{}        }
2016-12-12 16:03:17.052 [main] DEBUG c.q.effectivelines.strategy.Judge - 结果：无效行
2016-12-12 16:03:17.052 [main] DEBUG c.q.effectivelines.strategy.Judge - 判定行：{}        return count;
2016-12-12 16:03:17.052 [main] DEBUG c.q.effectivelines.strategy.Judge - 结果：有效行
2016-12-12 16:03:17.053 [main] DEBUG c.q.effectivelines.strategy.Judge - 判定行：{}    }
2016-12-12 16:03:17.053 [main] DEBUG c.q.effectivelines.strategy.Judge - 结果：无效行
2016-12-12 16:03:17.053 [main] DEBUG c.q.effectivelines.strategy.Judge - 判定行：{}
2016-12-12 16:03:17.053 [main] DEBUG c.q.effectivelines.strategy.Judge - 结果：无效行
2016-12-12 16:03:17.053 [main] DEBUG c.q.effectivelines.strategy.Judge - 判定行：{}    public static void main(String[] args) {
2016-12-12 16:03:17.053 [main] DEBUG c.q.effectivelines.strategy.Judge - 结果：有效行
2016-12-12 16:03:17.053 [main] DEBUG c.q.effectivelines.strategy.Judge - 判定行：{}        Logger logger = LoggerFactory.getLogger(EffectiveLines.class);
2016-12-12 16:03:17.053 [main] DEBUG c.q.effectivelines.strategy.Judge - 结果：有效行
2016-12-12 16:03:17.053 [main] DEBUG c.q.effectivelines.strategy.Judge - 判定行：{}        logger.info("程序开始运行");
2016-12-12 16:03:17.054 [main] DEBUG c.q.effectivelines.strategy.Judge - 结果：有效行
2016-12-12 16:03:17.054 [main] DEBUG c.q.effectivelines.strategy.Judge - 判定行：{}        try {
2016-12-12 16:03:17.054 [main] DEBUG c.q.effectivelines.strategy.Judge - 结果：有效行
2016-12-12 16:03:17.054 [main] DEBUG c.q.effectivelines.strategy.Judge - 判定行：{}            EffectiveLines effectiveLines = new EffectiveLines("src/main/java/com/qunar/effectivelines/EffectiveLines.java");
2016-12-12 16:03:17.054 [main] DEBUG c.q.effectivelines.strategy.Judge - 结果：有效行
2016-12-12 16:03:17.054 [main] DEBUG c.q.effectivelines.strategy.Judge - 判定行：{}            int count = effectiveLines.countEffectiveLines();
2016-12-12 16:03:17.054 [main] DEBUG c.q.effectivelines.strategy.Judge - 结果：有效行
2016-12-12 16:03:17.054 [main] DEBUG c.q.effectivelines.strategy.Judge - 判定行：{}            logger.info("有效行：{}" + count);
2016-12-12 16:03:17.055 [main] DEBUG c.q.effectivelines.strategy.Judge - 结果：有效行
2016-12-12 16:03:17.055 [main] DEBUG c.q.effectivelines.strategy.Judge - 判定行：{}        } catch (Exception e) {
2016-12-12 16:03:17.055 [main] DEBUG c.q.effectivelines.strategy.Judge - 结果：有效行
2016-12-12 16:03:17.055 [main] DEBUG c.q.effectivelines.strategy.Judge - 判定行：{}            logger.error("程序运行时出现异常：{}", e.getMessage(), e);
2016-12-12 16:03:17.055 [main] DEBUG c.q.effectivelines.strategy.Judge - 结果：有效行
2016-12-12 16:03:17.055 [main] DEBUG c.q.effectivelines.strategy.Judge - 判定行：{}        }
2016-12-12 16:03:17.055 [main] DEBUG c.q.effectivelines.strategy.Judge - 结果：无效行
2016-12-12 16:03:17.055 [main] DEBUG c.q.effectivelines.strategy.Judge - 判定行：{}    }
2016-12-12 16:03:17.056 [main] DEBUG c.q.effectivelines.strategy.Judge - 结果：无效行
2016-12-12 16:03:17.056 [main] DEBUG c.q.effectivelines.strategy.Judge - 判定行：{}
2016-12-12 16:03:17.056 [main] DEBUG c.q.effectivelines.strategy.Judge - 结果：无效行
2016-12-12 16:03:17.056 [main] DEBUG c.q.effectivelines.strategy.Judge - 判定行：{}}
2016-12-12 16:03:17.056 [main] DEBUG c.q.effectivelines.strategy.Judge - 结果：无效行
2016-12-12 16:03:17.056 [main] INFO  c.q.effectivelines.EffectiveLines - 有效行：{}50
2016-12-12 16:12:23.407 [main] INFO  c.q.effectivelines.EffectiveLines - 程序开始运行
2016-12-12 16:12:23.411 [main] DEBUG c.q.effectivelines.strategy.Judge - 开始初始化判定策略
2016-12-12 16:12:23.415 [main] DEBUG c.q.effectivelines.EffectiveLines - 开始加载文件：{}src/main/java/com/qunar/effectivelines/EffectiveLines.java
2016-12-12 16:12:23.451 [main] DEBUG c.q.effectivelines.strategy.Judge - 判定行：{}package com.qunar.effectivelines;
2016-12-12 16:12:23.457 [main] DEBUG c.q.effectivelines.strategy.Judge - 结果：有效行
2016-12-12 16:12:23.457 [main] DEBUG c.q.effectivelines.strategy.Judge - 判定行：{}
2016-12-12 16:12:23.457 [main] DEBUG c.q.effectivelines.strategy.Judge - 结果：无效行
2016-12-12 16:12:23.458 [main] DEBUG c.q.effectivelines.strategy.Judge - 判定行：{}import java.io.File;
2016-12-12 16:12:23.458 [main] DEBUG c.q.effectivelines.strategy.Judge - 结果：有效行
2016-12-12 16:12:23.458 [main] DEBUG c.q.effectivelines.strategy.Judge - 判定行：{}import java.io.IOException;
2016-12-12 16:12:23.458 [main] DEBUG c.q.effectivelines.strategy.Judge - 结果：有效行
2016-12-12 16:12:23.458 [main] DEBUG c.q.effectivelines.strategy.Judge - 判定行：{}import java.util.List;
2016-12-12 16:12:23.458 [main] DEBUG c.q.effectivelines.strategy.Judge - 结果：有效行
2016-12-12 16:12:23.458 [main] DEBUG c.q.effectivelines.strategy.Judge - 判定行：{}
2016-12-12 16:12:23.459 [main] DEBUG c.q.effectivelines.strategy.Judge - 结果：无效行
2016-12-12 16:12:23.459 [main] DEBUG c.q.effectivelines.strategy.Judge - 判定行：{}import org.slf4j.Logger;
2016-12-12 16:12:23.459 [main] DEBUG c.q.effectivelines.strategy.Judge - 结果：有效行
2016-12-12 16:12:23.459 [main] DEBUG c.q.effectivelines.strategy.Judge - 判定行：{}import org.slf4j.LoggerFactory;
2016-12-12 16:12:23.459 [main] DEBUG c.q.effectivelines.strategy.Judge - 结果：有效行
2016-12-12 16:12:23.459 [main] DEBUG c.q.effectivelines.strategy.Judge - 判定行：{}
2016-12-12 16:12:23.459 [main] DEBUG c.q.effectivelines.strategy.Judge - 结果：无效行
2016-12-12 16:12:23.459 [main] DEBUG c.q.effectivelines.strategy.Judge - 判定行：{}import com.google.common.base.Charsets;
2016-12-12 16:12:23.460 [main] DEBUG c.q.effectivelines.strategy.Judge - 结果：有效行
2016-12-12 16:12:23.460 [main] DEBUG c.q.effectivelines.strategy.Judge - 判定行：{}import com.google.common.io.Files;
2016-12-12 16:12:23.460 [main] DEBUG c.q.effectivelines.strategy.Judge - 结果：有效行
2016-12-12 16:12:23.460 [main] DEBUG c.q.effectivelines.strategy.Judge - 判定行：{}import com.qunar.effectivelines.strategy.Judge;
2016-12-12 16:12:23.460 [main] DEBUG c.q.effectivelines.strategy.Judge - 结果：有效行
2016-12-12 16:12:23.460 [main] DEBUG c.q.effectivelines.strategy.Judge - 判定行：{}
2016-12-12 16:12:23.460 [main] DEBUG c.q.effectivelines.strategy.Judge - 结果：无效行
2016-12-12 16:12:23.461 [main] DEBUG c.q.effectivelines.strategy.Judge - 判定行：{}/**
2016-12-12 16:12:23.461 [main] DEBUG c.q.effectivelines.strategy.Judge - 结果：无效行
2016-12-12 16:12:23.461 [main] DEBUG c.q.effectivelines.strategy.Judge - 判定行：{} * @author ryan.hao
2016-12-12 16:12:23.462 [main] DEBUG c.q.effectivelines.strategy.Judge - 结果：有效行
2016-12-12 16:12:23.462 [main] DEBUG c.q.effectivelines.strategy.Judge - 判定行：{} * @version 1.0
2016-12-12 16:12:23.462 [main] DEBUG c.q.effectivelines.strategy.Judge - 结果：有效行
2016-12-12 16:12:23.462 [main] DEBUG c.q.effectivelines.strategy.Judge - 判定行：{} * 程序主要流程类
2016-12-12 16:12:23.464 [main] DEBUG c.q.effectivelines.strategy.Judge - 结果：有效行
2016-12-12 16:12:23.464 [main] DEBUG c.q.effectivelines.strategy.Judge - 判定行：{} */
2016-12-12 16:12:23.465 [main] DEBUG c.q.effectivelines.strategy.Judge - 结果：无效行
2016-12-12 16:12:23.465 [main] DEBUG c.q.effectivelines.strategy.Judge - 判定行：{}public class EffectiveLines {
2016-12-12 16:12:23.465 [main] DEBUG c.q.effectivelines.strategy.Judge - 结果：有效行
2016-12-12 16:12:23.465 [main] DEBUG c.q.effectivelines.strategy.Judge - 判定行：{}
2016-12-12 16:12:23.465 [main] DEBUG c.q.effectivelines.strategy.Judge - 结果：无效行
2016-12-12 16:12:23.465 [main] DEBUG c.q.effectivelines.strategy.Judge - 判定行：{}    /**
2016-12-12 16:12:23.466 [main] DEBUG c.q.effectivelines.strategy.Judge - 结果：无效行
2016-12-12 16:12:23.466 [main] DEBUG c.q.effectivelines.strategy.Judge - 判定行：{}     * 日志
2016-12-12 16:12:23.466 [main] DEBUG c.q.effectivelines.strategy.Judge - 结果：有效行
2016-12-12 16:12:23.466 [main] DEBUG c.q.effectivelines.strategy.Judge - 判定行：{}     */
2016-12-12 16:12:23.466 [main] DEBUG c.q.effectivelines.strategy.Judge - 结果：无效行
2016-12-12 16:12:23.466 [main] DEBUG c.q.effectivelines.strategy.Judge - 判定行：{}    private Logger logger = null;
2016-12-12 16:12:23.466 [main] DEBUG c.q.effectivelines.strategy.Judge - 结果：有效行
2016-12-12 16:12:23.466 [main] DEBUG c.q.effectivelines.strategy.Judge - 判定行：{}
2016-12-12 16:12:23.466 [main] DEBUG c.q.effectivelines.strategy.Judge - 结果：无效行
2016-12-12 16:12:23.467 [main] DEBUG c.q.effectivelines.strategy.Judge - 判定行：{}    /**
2016-12-12 16:12:23.467 [main] DEBUG c.q.effectivelines.strategy.Judge - 结果：无效行
2016-12-12 16:12:23.467 [main] DEBUG c.q.effectivelines.strategy.Judge - 判定行：{}     * 代码文件的内容
2016-12-12 16:12:23.467 [main] DEBUG c.q.effectivelines.strategy.Judge - 结果：有效行
2016-12-12 16:12:23.467 [main] DEBUG c.q.effectivelines.strategy.Judge - 判定行：{}     */
2016-12-12 16:12:23.467 [main] DEBUG c.q.effectivelines.strategy.Judge - 结果：无效行
2016-12-12 16:12:23.467 [main] DEBUG c.q.effectivelines.strategy.Judge - 判定行：{}    private List<String> content = null;
2016-12-12 16:12:23.467 [main] DEBUG c.q.effectivelines.strategy.Judge - 结果：有效行
2016-12-12 16:12:23.467 [main] DEBUG c.q.effectivelines.strategy.Judge - 判定行：{}
2016-12-12 16:12:23.467 [main] DEBUG c.q.effectivelines.strategy.Judge - 结果：无效行
2016-12-12 16:12:23.467 [main] DEBUG c.q.effectivelines.strategy.Judge - 判定行：{}    /**
2016-12-12 16:12:23.468 [main] DEBUG c.q.effectivelines.strategy.Judge - 结果：无效行
2016-12-12 16:12:23.468 [main] DEBUG c.q.effectivelines.strategy.Judge - 判定行：{}     * 判定业务
2016-12-12 16:12:23.468 [main] DEBUG c.q.effectivelines.strategy.Judge - 结果：有效行
2016-12-12 16:12:23.468 [main] DEBUG c.q.effectivelines.strategy.Judge - 判定行：{}     */
2016-12-12 16:12:23.468 [main] DEBUG c.q.effectivelines.strategy.Judge - 结果：无效行
2016-12-12 16:12:23.468 [main] DEBUG c.q.effectivelines.strategy.Judge - 判定行：{}    private Judge judge = null;
2016-12-12 16:12:23.469 [main] DEBUG c.q.effectivelines.strategy.Judge - 结果：有效行
2016-12-12 16:12:23.469 [main] DEBUG c.q.effectivelines.strategy.Judge - 判定行：{}
2016-12-12 16:12:23.469 [main] DEBUG c.q.effectivelines.strategy.Judge - 结果：无效行
2016-12-12 16:12:23.469 [main] DEBUG c.q.effectivelines.strategy.Judge - 判定行：{}
2016-12-12 16:12:23.469 [main] DEBUG c.q.effectivelines.strategy.Judge - 结果：无效行
2016-12-12 16:12:23.469 [main] DEBUG c.q.effectivelines.strategy.Judge - 判定行：{}    public EffectiveLines(String url) {
2016-12-12 16:12:23.469 [main] DEBUG c.q.effectivelines.strategy.Judge - 结果：有效行
2016-12-12 16:12:23.469 [main] DEBUG c.q.effectivelines.strategy.Judge - 判定行：{}        logger = LoggerFactory.getLogger(EffectiveLines.class);
2016-12-12 16:12:23.469 [main] DEBUG c.q.effectivelines.strategy.Judge - 结果：有效行
2016-12-12 16:12:23.470 [main] DEBUG c.q.effectivelines.strategy.Judge - 判定行：{}        judge = new Judge();
2016-12-12 16:12:23.470 [main] DEBUG c.q.effectivelines.strategy.Judge - 结果：有效行
2016-12-12 16:12:23.470 [main] DEBUG c.q.effectivelines.strategy.Judge - 判定行：{}        loadFile(url);
2016-12-12 16:12:23.470 [main] DEBUG c.q.effectivelines.strategy.Judge - 结果：有效行
2016-12-12 16:12:23.470 [main] DEBUG c.q.effectivelines.strategy.Judge - 判定行：{}    }
2016-12-12 16:12:23.470 [main] DEBUG c.q.effectivelines.strategy.Judge - 结果：有效行
2016-12-12 16:12:23.470 [main] DEBUG c.q.effectivelines.strategy.Judge - 判定行：{}
2016-12-12 16:12:23.470 [main] DEBUG c.q.effectivelines.strategy.Judge - 结果：无效行
2016-12-12 16:12:23.471 [main] DEBUG c.q.effectivelines.strategy.Judge - 判定行：{}    /**
2016-12-12 16:12:23.471 [main] DEBUG c.q.effectivelines.strategy.Judge - 结果：无效行
2016-12-12 16:12:23.471 [main] DEBUG c.q.effectivelines.strategy.Judge - 判定行：{}     * 加载文件
2016-12-12 16:12:23.471 [main] DEBUG c.q.effectivelines.strategy.Judge - 结果：有效行
2016-12-12 16:12:23.471 [main] DEBUG c.q.effectivelines.strategy.Judge - 判定行：{}     * @param url 文件路径
2016-12-12 16:12:23.471 [main] DEBUG c.q.effectivelines.strategy.Judge - 结果：有效行
2016-12-12 16:12:23.471 [main] DEBUG c.q.effectivelines.strategy.Judge - 判定行：{}     */
2016-12-12 16:12:23.471 [main] DEBUG c.q.effectivelines.strategy.Judge - 结果：无效行
2016-12-12 16:12:23.472 [main] DEBUG c.q.effectivelines.strategy.Judge - 判定行：{}    private void loadFile(String url) {
2016-12-12 16:12:23.472 [main] DEBUG c.q.effectivelines.strategy.Judge - 结果：有效行
2016-12-12 16:12:23.472 [main] DEBUG c.q.effectivelines.strategy.Judge - 判定行：{}        logger.debug("开始加载文件：{}" + url);
2016-12-12 16:12:23.472 [main] DEBUG c.q.effectivelines.strategy.Judge - 结果：有效行
2016-12-12 16:12:23.472 [main] DEBUG c.q.effectivelines.strategy.Judge - 判定行：{}        File file = new File(url);
2016-12-12 16:12:23.472 [main] DEBUG c.q.effectivelines.strategy.Judge - 结果：有效行
2016-12-12 16:12:23.472 [main] DEBUG c.q.effectivelines.strategy.Judge - 判定行：{}        try {
2016-12-12 16:12:23.472 [main] DEBUG c.q.effectivelines.strategy.Judge - 结果：有效行
2016-12-12 16:12:23.472 [main] DEBUG c.q.effectivelines.strategy.Judge - 判定行：{}            content = Files.readLines(file, Charsets.UTF_8);
2016-12-12 16:12:23.473 [main] DEBUG c.q.effectivelines.strategy.Judge - 结果：有效行
2016-12-12 16:12:23.473 [main] DEBUG c.q.effectivelines.strategy.Judge - 判定行：{}        } catch (IOException e) {
2016-12-12 16:12:23.473 [main] DEBUG c.q.effectivelines.strategy.Judge - 结果：有效行
2016-12-12 16:12:23.473 [main] DEBUG c.q.effectivelines.strategy.Judge - 判定行：{}            logger.error("文件读取时遇到异常：{}", e.getMessage(), e);
2016-12-12 16:12:23.473 [main] DEBUG c.q.effectivelines.strategy.Judge - 结果：有效行
2016-12-12 16:12:23.473 [main] DEBUG c.q.effectivelines.strategy.Judge - 判定行：{}            throw new RuntimeException(e);
2016-12-12 16:12:23.473 [main] DEBUG c.q.effectivelines.strategy.Judge - 结果：有效行
2016-12-12 16:12:23.473 [main] DEBUG c.q.effectivelines.strategy.Judge - 判定行：{}        }
2016-12-12 16:12:23.474 [main] DEBUG c.q.effectivelines.strategy.Judge - 结果：有效行
2016-12-12 16:12:23.474 [main] DEBUG c.q.effectivelines.strategy.Judge - 判定行：{}    }
2016-12-12 16:12:23.474 [main] DEBUG c.q.effectivelines.strategy.Judge - 结果：有效行
2016-12-12 16:12:23.474 [main] DEBUG c.q.effectivelines.strategy.Judge - 判定行：{}
2016-12-12 16:12:23.474 [main] DEBUG c.q.effectivelines.strategy.Judge - 结果：无效行
2016-12-12 16:12:23.474 [main] DEBUG c.q.effectivelines.strategy.Judge - 判定行：{}    /**
2016-12-12 16:12:23.474 [main] DEBUG c.q.effectivelines.strategy.Judge - 结果：无效行
2016-12-12 16:12:23.474 [main] DEBUG c.q.effectivelines.strategy.Judge - 判定行：{}     * 清点有效行
2016-12-12 16:12:23.474 [main] DEBUG c.q.effectivelines.strategy.Judge - 结果：有效行
2016-12-12 16:12:23.475 [main] DEBUG c.q.effectivelines.strategy.Judge - 判定行：{}     * @return
2016-12-12 16:12:23.475 [main] DEBUG c.q.effectivelines.strategy.Judge - 结果：有效行
2016-12-12 16:12:23.475 [main] DEBUG c.q.effectivelines.strategy.Judge - 判定行：{}     */
2016-12-12 16:12:23.475 [main] DEBUG c.q.effectivelines.strategy.Judge - 结果：无效行
2016-12-12 16:12:23.475 [main] DEBUG c.q.effectivelines.strategy.Judge - 判定行：{}    public int countEffectiveLines() {
2016-12-12 16:12:23.475 [main] DEBUG c.q.effectivelines.strategy.Judge - 结果：有效行
2016-12-12 16:12:23.475 [main] DEBUG c.q.effectivelines.strategy.Judge - 判定行：{}        int count = 0;
2016-12-12 16:12:23.475 [main] DEBUG c.q.effectivelines.strategy.Judge - 结果：有效行
2016-12-12 16:12:23.476 [main] DEBUG c.q.effectivelines.strategy.Judge - 判定行：{}        for (String line : content) {
2016-12-12 16:12:23.476 [main] DEBUG c.q.effectivelines.strategy.Judge - 结果：有效行
2016-12-12 16:12:23.476 [main] DEBUG c.q.effectivelines.strategy.Judge - 判定行：{}            if (judge.judge(line))
2016-12-12 16:12:23.476 [main] DEBUG c.q.effectivelines.strategy.Judge - 结果：有效行
2016-12-12 16:12:23.476 [main] DEBUG c.q.effectivelines.strategy.Judge - 判定行：{}                count++;
2016-12-12 16:12:23.476 [main] DEBUG c.q.effectivelines.strategy.Judge - 结果：有效行
2016-12-12 16:12:23.476 [main] DEBUG c.q.effectivelines.strategy.Judge - 判定行：{}        }
2016-12-12 16:12:23.476 [main] DEBUG c.q.effectivelines.strategy.Judge - 结果：有效行
2016-12-12 16:12:23.476 [main] DEBUG c.q.effectivelines.strategy.Judge - 判定行：{}        return count;
2016-12-12 16:12:23.477 [main] DEBUG c.q.effectivelines.strategy.Judge - 结果：有效行
2016-12-12 16:12:23.477 [main] DEBUG c.q.effectivelines.strategy.Judge - 判定行：{}    }
2016-12-12 16:12:23.477 [main] DEBUG c.q.effectivelines.strategy.Judge - 结果：有效行
2016-12-12 16:12:23.477 [main] DEBUG c.q.effectivelines.strategy.Judge - 判定行：{}
2016-12-12 16:12:23.477 [main] DEBUG c.q.effectivelines.strategy.Judge - 结果：无效行
2016-12-12 16:12:23.477 [main] DEBUG c.q.effectivelines.strategy.Judge - 判定行：{}    public static void main(String[] args) {
2016-12-12 16:12:23.477 [main] DEBUG c.q.effectivelines.strategy.Judge - 结果：有效行
2016-12-12 16:12:23.477 [main] DEBUG c.q.effectivelines.strategy.Judge - 判定行：{}        Logger logger = LoggerFactory.getLogger(EffectiveLines.class);
2016-12-12 16:12:23.477 [main] DEBUG c.q.effectivelines.strategy.Judge - 结果：有效行
2016-12-12 16:12:23.478 [main] DEBUG c.q.effectivelines.strategy.Judge - 判定行：{}        logger.info("程序开始运行");
2016-12-12 16:12:23.478 [main] DEBUG c.q.effectivelines.strategy.Judge - 结果：有效行
2016-12-12 16:12:23.478 [main] DEBUG c.q.effectivelines.strategy.Judge - 判定行：{}        try {
2016-12-12 16:12:23.478 [main] DEBUG c.q.effectivelines.strategy.Judge - 结果：有效行
2016-12-12 16:12:23.478 [main] DEBUG c.q.effectivelines.strategy.Judge - 判定行：{}            EffectiveLines effectiveLines = new EffectiveLines("src/main/java/com/qunar/effectivelines/EffectiveLines.java");
2016-12-12 16:12:23.478 [main] DEBUG c.q.effectivelines.strategy.Judge - 结果：有效行
2016-12-12 16:12:23.479 [main] DEBUG c.q.effectivelines.strategy.Judge - 判定行：{}            int count = effectiveLines.countEffectiveLines();
2016-12-12 16:12:23.479 [main] DEBUG c.q.effectivelines.strategy.Judge - 结果：有效行
2016-12-12 16:12:23.479 [main] DEBUG c.q.effectivelines.strategy.Judge - 判定行：{}            logger.info("有效行：{}" + count);
2016-12-12 16:12:23.479 [main] DEBUG c.q.effectivelines.strategy.Judge - 结果：有效行
2016-12-12 16:12:23.479 [main] DEBUG c.q.effectivelines.strategy.Judge - 判定行：{}        } catch (Exception e) {
2016-12-12 16:12:23.479 [main] DEBUG c.q.effectivelines.strategy.Judge - 结果：有效行
2016-12-12 16:12:23.480 [main] DEBUG c.q.effectivelines.strategy.Judge - 判定行：{}            logger.error("程序运行时出现异常：{}", e.getMessage(), e);
2016-12-12 16:12:23.480 [main] DEBUG c.q.effectivelines.strategy.Judge - 结果：有效行
2016-12-12 16:12:23.480 [main] DEBUG c.q.effectivelines.strategy.Judge - 判定行：{}        }
2016-12-12 16:12:23.480 [main] DEBUG c.q.effectivelines.strategy.Judge - 结果：有效行
2016-12-12 16:12:23.480 [main] DEBUG c.q.effectivelines.strategy.Judge - 判定行：{}    }
2016-12-12 16:12:23.480 [main] DEBUG c.q.effectivelines.strategy.Judge - 结果：有效行
2016-12-12 16:12:23.480 [main] DEBUG c.q.effectivelines.strategy.Judge - 判定行：{}
2016-12-12 16:12:23.480 [main] DEBUG c.q.effectivelines.strategy.Judge - 结果：无效行
2016-12-12 16:12:23.480 [main] DEBUG c.q.effectivelines.strategy.Judge - 判定行：{}}
2016-12-12 16:12:23.481 [main] DEBUG c.q.effectivelines.strategy.Judge - 结果：有效行
2016-12-12 16:12:23.481 [main] INFO  c.q.effectivelines.EffectiveLines - 有效行：{}58
