2017-01-20 18:09:11,414 - Request: 
2017-01-20 18:09:11,470 - 英文字母 0 ------- []
2017-01-20 18:09:11,470 - 英文字母 0
2017-01-20 18:09:11,474 - 中文汉字 0 ------- []
2017-01-20 18:09:11,474 - 中文汉字 0
2017-01-20 18:09:11,481 - 数字 0 ------- []
2017-01-20 18:09:11,483 - 数字 0
2017-01-20 18:09:11,490 - 标点符号 0 ------- []
2017-01-20 18:09:11,490 - 标点符号 0
2017-01-20 18:09:27,968 - Request: 1
2017-01-20 18:09:27,992 - 英文字母 0 ------- []
2017-01-20 18:09:27,993 - 英文字母 0
2017-01-20 18:09:27,994 - 中文汉字 0 ------- []
2017-01-20 18:09:27,994 - 中文汉字 0
2017-01-20 18:09:27,995 - 数字 1 ------- [1]
2017-01-20 18:09:27,995 - 数字 1
2017-01-20 18:09:27,999 - 标点符号 0 ------- []
2017-01-20 18:09:27,999 - 标点符号 0
2017-01-20 18:10:27,301 - Request: 1
2017-01-20 18:10:27,330 - 英文字母 0 ------- []
2017-01-20 18:10:27,331 - 英文字母 0
2017-01-20 18:10:27,331 - 中文汉字 0 ------- []
2017-01-20 18:10:27,331 - 中文汉字 0
2017-01-20 18:10:27,342 - 数字 1 ------- [1]
2017-01-20 18:10:27,342 - 数字 1
2017-01-20 18:10:27,346 - 标点符号 0 ------- []
2017-01-20 18:10:27,346 - 标点符号 0
2017-01-20 18:10:42,094 - Request: null
2017-01-20 18:16:05,330 - Request: null
2017-01-20 18:17:10,159 - Request: 尼塞斯的阿迪阿红的奥斯卡的
2017-01-20 18:17:10,207 - 英文字母 0 ------- []
2017-01-20 18:17:10,207 - 英文字母 0
2017-01-20 18:17:10,220 - 中文汉字 13 ------- [尼, 塞, 斯, 的, 阿, 迪, 阿, 红, 的, 奥, 斯, 卡, 的]
2017-01-20 18:17:10,220 - 中文汉字 13
2017-01-20 18:17:10,232 - 数字 0 ------- []
2017-01-20 18:17:10,232 - 数字 0
2017-01-20 18:17:10,239 - 标点符号 0 ------- []
2017-01-20 18:17:10,239 - 标点符号 0
2017-01-20 18:19:44,182 - Request: 尼塞斯的阿迪阿红的奥斯卡的
2017-01-20 18:20:05,446 - 英文字母 0 ------- []
2017-01-20 18:20:05,447 - 英文字母 0
2017-01-20 18:20:18,078 - 中文汉字 13 ------- [尼, 塞, 斯, 的, 阿, 迪, 阿, 红, 的, 奥, 斯, 卡, 的]
2017-01-20 18:20:18,078 - 中文汉字 13
2017-01-20 18:20:18,081 - 数字 0 ------- []
2017-01-20 18:20:18,081 - 数字 0
2017-01-20 18:20:18,086 - 标点符号 0 ------- []
2017-01-20 18:20:18,087 - 标点符号 0
2017-01-20 18:20:33,079 - Request: 尼塞斯的阿迪阿红的奥斯卡的
2017-01-20 18:20:53,803 - 英文字母 0 ------- []
2017-01-20 18:20:53,803 - 英文字母 0
2017-01-20 18:20:53,804 - 中文汉字 13 ------- [尼, 塞, 斯, 的, 阿, 迪, 阿, 红, 的, 奥, 斯, 卡, 的]
2017-01-20 18:20:53,804 - 中文汉字 13
2017-01-20 18:20:53,804 - 数字 0 ------- []
2017-01-20 18:20:53,804 - 数字 0
2017-01-20 18:20:53,809 - 标点符号 0 ------- []
2017-01-20 18:20:53,810 - 标点符号 0
2017-01-20 18:21:54,645 - Request: 尼塞斯的阿迪阿红的奥斯卡的
2017-01-20 18:21:54,659 - ALL:[卡=1, 红=1, 奥=1, 迪=1, 尼=1, 塞=1, 阿=2, 斯=2, 的=3]
2017-01-20 18:21:54,660 - Top3:[卡=1, 红=1, 奥=1]
2017-01-20 18:21:54,686 - 英文字母 0 ------- []
2017-01-20 18:21:54,687 - 英文字母 0
2017-01-20 18:21:54,693 - 中文汉字 13 ------- [尼, 塞, 斯, 的, 阿, 迪, 阿, 红, 的, 奥, 斯, 卡, 的]
2017-01-20 18:21:54,694 - 中文汉字 13
2017-01-20 18:21:54,703 - 数字 0 ------- []
2017-01-20 18:21:54,703 - 数字 0
2017-01-20 18:21:54,728 - 标点符号 0 ------- []
2017-01-20 18:21:54,729 - 标点符号 0
2017-01-20 18:22:05,029 - Request: 尼塞斯的阿迪阿红的奥aaa斯卡的
2017-01-20 18:22:05,036 - ALL:[卡=1, 红=1, 奥=1, 迪=1, 尼=1, 塞=1, 阿=2, 斯=2, a=3, 的=3]
2017-01-20 18:22:05,037 - Top3:[卡=1, 红=1, 奥=1]
2017-01-20 18:22:05,065 - 英文字母 3 ------- [a, a, a]
2017-01-20 18:22:05,066 - 英文字母 3
2017-01-20 18:22:05,069 - 中文汉字 13 ------- [尼, 塞, 斯, 的, 阿, 迪, 阿, 红, 的, 奥, 斯, 卡, 的]
2017-01-20 18:22:05,069 - 中文汉字 13
2017-01-20 18:22:05,073 - 数字 0 ------- []
2017-01-20 18:22:05,074 - 数字 0
2017-01-20 18:22:05,080 - 标点符号 0 ------- []
2017-01-20 18:22:05,080 - 标点符号 0
2017-01-20 18:23:53,791 - Request: 尼塞斯的阿迪阿红的奥aaa斯卡的
2017-01-20 18:23:53,795 - ALL:[卡=1, 红=1, 奥=1, 迪=1, 尼=1, 塞=1, 阿=2, 斯=2, a=3, 的=3]
2017-01-20 18:23:53,796 - Top3:[卡=1, 红=1, 奥=1]
2017-01-20 18:23:53,812 - 英文字母 3 ------- [a, a, a]
2017-01-20 18:23:53,813 - 英文字母 3
2017-01-20 18:23:53,813 - 中文汉字 13 ------- [尼, 塞, 斯, 的, 阿, 迪, 阿, 红, 的, 奥, 斯, 卡, 的]
2017-01-20 18:23:53,813 - 中文汉字 13
2017-01-20 18:23:53,815 - 数字 0 ------- []
2017-01-20 18:23:53,815 - 数字 0
2017-01-20 18:23:53,818 - 标点符号 0 ------- []
2017-01-20 18:23:53,819 - 标点符号 0
2017-01-20 18:24:08,201 - Request: 尼塞斯的阿迪阿红的奥aaa斯卡的
2017-01-20 18:24:08,206 - ALL:[卡=1, 红=1, 奥=1, 迪=1, 尼=1, 塞=1, 阿=2, 斯=2, a=3, 的=3]
2017-01-20 18:24:08,207 - Top3:[卡=1, 红=1, 奥=1]
2017-01-20 18:24:08,235 - 英文字母 3 ------- [a, a, a]
2017-01-20 18:24:08,235 - 英文字母 3
2017-01-20 18:24:08,236 - 中文汉字 13 ------- [尼, 塞, 斯, 的, 阿, 迪, 阿, 红, 的, 奥, 斯, 卡, 的]
2017-01-20 18:24:08,236 - 中文汉字 13
2017-01-20 18:24:08,237 - 数字 0 ------- []
2017-01-20 18:24:08,238 - 数字 0
2017-01-20 18:24:08,245 - 标点符号 0 ------- []
2017-01-20 18:24:08,246 - 标点符号 0
2017-01-20 18:24:33,900 - Request: 尼塞斯的阿迪阿红的奥aaa斯卡的
2017-01-20 18:24:52,117 - ALL:[卡=1, 红=1, 奥=1, 迪=1, 尼=1, 塞=1, 阿=2, 斯=2, a=3, 的=3]
2017-01-20 18:24:52,123 - Top3:[卡=1, 红=1, 奥=1]
2017-01-20 18:24:52,143 - 英文字母 3 ------- [a, a, a]
2017-01-20 18:24:52,143 - 英文字母 3
2017-01-20 18:24:52,144 - 中文汉字 13 ------- [尼, 塞, 斯, 的, 阿, 迪, 阿, 红, 的, 奥, 斯, 卡, 的]
2017-01-20 18:24:52,144 - 中文汉字 13
2017-01-20 18:24:52,144 - 数字 0 ------- []
2017-01-20 18:24:52,145 - 数字 0
2017-01-20 18:24:52,148 - 标点符号 0 ------- []
2017-01-20 18:24:52,148 - 标点符号 0
2017-01-20 18:32:03,400 - Request: 尼塞斯的阿迪阿红的奥aaa斯卡的
2017-01-20 18:32:03,405 - ALL:[卡=1, 红=1, 奥=1, 迪=1, 尼=1, 塞=1, 阿=2, 斯=2, a=3, 的=3]
2017-01-20 18:32:03,405 - Top3:[卡=1, 红=1, 奥=1]
2017-01-20 18:32:03,451 - 英文字母 3 ------- [a, a, a]
2017-01-20 18:32:03,452 - 英文字母 3
2017-01-20 18:32:03,453 - 中文汉字 13 ------- [尼, 塞, 斯, 的, 阿, 迪, 阿, 红, 的, 奥, 斯, 卡, 的]
2017-01-20 18:32:03,453 - 中文汉字 13
2017-01-20 18:32:03,455 - 数字 0 ------- []
2017-01-20 18:32:03,456 - 数字 0
2017-01-20 18:32:03,459 - 标点符号 0 ------- []
2017-01-20 18:32:03,460 - 标点符号 0
2017-01-20 18:32:19,406 - Request: 尼塞斯的阿迪阿红的奥aaa斯卡的
2017-01-20 18:32:19,448 - ALL:[卡=1, 红=1, 奥=1, 迪=1, 尼=1, 塞=1, 阿=2, 斯=2, a=3, 的=3]
2017-01-20 18:32:19,449 - Top3:[卡=1, 红=1, 奥=1]
2017-01-20 18:32:19,479 - 英文字母 3 ------- [a, a, a]
2017-01-20 18:32:19,479 - 英文字母 3
2017-01-20 18:32:19,480 - 中文汉字 13 ------- [尼, 塞, 斯, 的, 阿, 迪, 阿, 红, 的, 奥, 斯, 卡, 的]
2017-01-20 18:32:19,480 - 中文汉字 13
2017-01-20 18:32:19,482 - 数字 0 ------- []
2017-01-20 18:32:19,482 - 数字 0
2017-01-20 18:32:19,487 - 标点符号 0 ------- []
2017-01-20 18:32:19,487 - 标点符号 0
2017-01-20 18:32:48,980 - Request: 尼塞斯的阿迪阿红的奥aaa斯卡的
2017-01-20 18:32:48,983 - ALL:[a=3, 的=3, 阿=2, 斯=2, 卡=1, 红=1, 奥=1, 迪=1, 尼=1, 塞=1]
2017-01-20 18:32:48,984 - Top3:[a=3, 的=3, 阿=2]
2017-01-20 18:32:49,007 - 英文字母 3 ------- [a, a, a]
2017-01-20 18:32:49,007 - 英文字母 3
2017-01-20 18:32:49,018 - 中文汉字 13 ------- [尼, 塞, 斯, 的, 阿, 迪, 阿, 红, 的, 奥, 斯, 卡, 的]
2017-01-20 18:32:49,018 - 中文汉字 13
2017-01-20 18:32:49,023 - 数字 0 ------- []
2017-01-20 18:32:49,023 - 数字 0
2017-01-20 18:32:49,031 - 标点符号 0 ------- []
2017-01-20 18:32:49,032 - 标点符号 0
